<?xml version="1.0" encoding="UTF-8"?>
<!-- Generated by org.testng.reporters.JUnitXMLReporter -->
<testsuite ignored="0" hostname="venkatas-MacBook-Pro.local" failures="0" tests="2" name="Chrome" time="0.052" errors="0" timestamp="2025-08-29T15:15:34 IST">
  <testcase classname="Base.BaseTest" name="@BeforeMethod setUp" time="0.007">
    <failure type="java.lang.RuntimeException" message="Config file not found at src/main/resources/config.properties">
      <![CDATA[java.lang.RuntimeException: Config file not found at src/main/resources/config.properties
at com.automationproj.config.ConfigFileReader.<init>(ConfigFileReader.java:16)
at Base.BaseTest.setUp(BaseTest.java:15)
at java.base/java.util.ArrayList.forEach(ArrayList.java:1596)
at java.base/java.util.concurrent.FutureTask.run(FutureTask.java:317)
at java.base/java.util.concurrent.ThreadPoolExecutor.runWorker(ThreadPoolExecutor.java:1144)
at java.base/java.util.concurrent.ThreadPoolExecutor$Worker.run(ThreadPoolExecutor.java:642)
at java.base/java.lang.Thread.run(Thread.java:1583)
... Removed 19 stack frames]]>
    </failure>
  </testcase> <!-- @BeforeMethod setUp -->
  <testcase classname="Base.BaseTest" name="@BeforeMethod setUp" time="0.0">
    <failure type="java.lang.RuntimeException" message="Config file not found at src/main/resources/config.properties">
      <![CDATA[java.lang.RuntimeException: Config file not found at src/main/resources/config.properties
at com.automationproj.config.ConfigFileReader.<init>(ConfigFileReader.java:16)
at Base.BaseTest.setUp(BaseTest.java:15)
at java.base/java.util.ArrayList.forEach(ArrayList.java:1596)
at java.base/java.util.concurrent.FutureTask.run(FutureTask.java:317)
at java.base/java.util.concurrent.ThreadPoolExecutor.runWorker(ThreadPoolExecutor.java:1144)
at java.base/java.util.concurrent.ThreadPoolExecutor$Worker.run(ThreadPoolExecutor.java:642)
at java.base/java.lang.Thread.run(Thread.java:1583)
... Removed 19 stack frames]]>
    </failure>
  </testcase> <!-- @BeforeMethod setUp -->
  <testcase classname="Tests.TestAutomation" name="verifyHomeButtonFunctionality" time="0.0">
    <skipped/>
  </testcase> <!-- verifyHomeButtonFunctionality -->
  <testcase classname="Tests.TestAutomation" name="verifyValidURL" time="0.0">
    <skipped/>
  </testcase> <!-- verifyValidURL -->
</testsuite> <!-- Chrome -->
