<?xml version="1.0" encoding="UTF-8"?>
<!-- Generated by org.testng.reporters.JUnitXMLReporter -->
<testsuite ignored="0" hostname="venkatas-MacBook-Pro.local" failures="4" tests="5" name="SafariTest" time="78.889" errors="0" timestamp="2025-09-01T09:47:30 IST">
  <testcase classname="Tests.UI_Home" name="verifyContactUsRedirect" time="3.536">
    <failure type="java.lang.AssertionError" message="Contact Us page not opened! expected [true] but found [false]">
      <![CDATA[java.lang.AssertionError: Contact Us page not opened! expected [true] but found [false]
at Tests.UI_Home.verifyContactUsRedirect(UI_Home.java:28)
at java.base/java.util.ArrayList.forEach(ArrayList.java:1596)
... Removed 28 stack frames]]>
    </failure>
  </testcase> <!-- verifyContactUsRedirect -->
  <testcase classname="Tests.UI_Home" name="verifyLogoRedirectsHome" time="3.686">
    <failure type="java.lang.AssertionError" message="Logo did not redirect to Home! expected [true] but found [false]">
      <![CDATA[java.lang.AssertionError: Logo did not redirect to Home! expected [true] but found [false]
at Tests.UI_Home.verifyLogoRedirectsHome(UI_Home.java:59)
at java.base/java.util.ArrayList.forEach(ArrayList.java:1596)
... Removed 28 stack frames]]>
    </failure>
  </testcase> <!-- verifyLogoRedirectsHome -->
  <testcase classname="Tests.UI_Home" name="verifyProductButtonFunctionality" time="3.126">
    <failure type="java.lang.AssertionError" message="Product page not opened! expected [true] but found [false]">
      <![CDATA[java.lang.AssertionError: Product page not opened! expected [true] but found [false]
at Tests.UI_Home.verifyProductButtonFunctionality(UI_Home.java:20)
at java.base/java.util.ArrayList.forEach(ArrayList.java:1596)
... Removed 28 stack frames]]>
    </failure>
  </testcase> <!-- verifyProductButtonFunctionality -->
  <testcase classname="Tests.UI_Home" name="verifyRightHandScrollBar" time="3.028"/>
  <testcase classname="Tests.UI_Home" name="verifyScrollUpButton" time="5.238">
    <failure type="org.openqa.selenium.WebDriverException" message="Build info: version: &amp;apos;4.34.0&amp;apos;, revision: &amp;apos;2a4c61c498&amp;apos;
System info: os.name: &amp;apos;Mac OS X&amp;apos;, os.arch: &amp;apos;x86_64&amp;apos;, os.version: &amp;apos;15.6.1&amp;apos;, java.version: &amp;apos;21.0.8&amp;apos;
Driver info: org.openqa.selenium.safari.SafariDriver
Command: [1D1F3A52-D7BC-4C86-9362-E62482EEA320, clickElement {id=node-0B941550-2229-4275-B375-CC722BFAE76D}]
Capabilities {acceptInsecureCerts: false, browserName: Safari, browserVersion: 18.6, platformName: mac, safari:automaticInspection: false, safari:automaticProfiling: false, safari:diagnose: false, safari:platformBuildVersion: 24G90, safari:platformVersion: 15.6.1, safari:useSimulator: false, setWindowRect: true, strictFileInteractability: false, webkit:WebRTC: {DisableICECandidateFiltering: false, DisableInsecureMediaCapture: false}}
Element: [[SafariDriver: Safari on mac (1D1F3A52-D7BC-4C86-9362-E62482EEA320)] -&amp;gt; id: scrollUp]
Session ID: 1D1F3A52-D7BC-4C86-9362-E62482EEA320">
      <![CDATA[org.openqa.selenium.WebDriverException: Build info: version: '4.34.0', revision: '2a4c61c498'
System info: os.name: 'Mac OS X', os.arch: 'x86_64', os.version: '15.6.1', java.version: '21.0.8'
Driver info: org.openqa.selenium.safari.SafariDriver
Command: [1D1F3A52-D7BC-4C86-9362-E62482EEA320, clickElement {id=node-0B941550-2229-4275-B375-CC722BFAE76D}]
Capabilities {acceptInsecureCerts: false, browserName: Safari, browserVersion: 18.6, platformName: mac, safari:automaticInspection: false, safari:automaticProfiling: false, safari:diagnose: false, safari:platformBuildVersion: 24G90, safari:platformVersion: 15.6.1, safari:useSimulator: false, setWindowRect: true, strictFileInteractability: false, webkit:WebRTC: {DisableICECandidateFiltering: false, DisableInsecureMediaCapture: false}}
Element: [[SafariDriver: Safari on mac (1D1F3A52-D7BC-4C86-9362-E62482EEA320)] -> id: scrollUp]
Session ID: 1D1F3A52-D7BC-4C86-9362-E62482EEA320
at org.openqa.selenium.remote.ErrorCodec.decode(ErrorCodec.java:167)
at org.openqa.selenium.remote.codec.w3c.W3CHttpResponseCodec.decode(W3CHttpResponseCodec.java:138)
at org.openqa.selenium.remote.codec.w3c.W3CHttpResponseCodec.decode(W3CHttpResponseCodec.java:50)
at org.openqa.selenium.remote.HttpCommandExecutor.execute(HttpCommandExecutor.java:215)
at org.openqa.selenium.remote.service.DriverCommandExecutor.invokeExecute(DriverCommandExecutor.java:216)
at org.openqa.selenium.remote.service.DriverCommandExecutor.execute(DriverCommandExecutor.java:174)
at org.openqa.selenium.remote.RemoteWebDriver.execute(RemoteWebDriver.java:544)
at org.openqa.selenium.remote.RemoteWebElement.execute(RemoteWebElement.java:223)
at org.openqa.selenium.remote.RemoteWebElement.click(RemoteWebElement.java:76)
at Tests.UI_Home.verifyScrollUpButton(UI_Home.java:48)
at java.base/java.util.ArrayList.forEach(ArrayList.java:1596)
... Removed 28 stack frames]]>
    </failure>
  </testcase> <!-- verifyScrollUpButton -->
</testsuite> <!-- SafariTest -->
