<?xml version="1.0" encoding="UTF-8"?>
<!-- Generated by org.testng.reporters.JUnitXMLReporter -->
<testsuite ignored="0" hostname="LAPTOP-UQLJLBQ3" failures="0" tests="15" name="Test" time="0.171" errors="0" timestamp="2025-09-15T11:00:20 IST">
  <testcase classname="Base.BaseTest" name="@BeforeMethod setUp" time="-1.757914220558E9">
    <failure type="org.testng.TestNGException" message="
Parameter &amp;apos;browser&amp;apos; is required by BeforeMethod on method setUp but has not been marked @Optional or defined
in C:\Users\user\OneDrive\Desktop\CGI Automation Testing\Eclipse\Automationproject\testng1.xml">
      <![CDATA[org.testng.TestNGException: 
Parameter 'browser' is required by BeforeMethod on method setUp but has not been marked @Optional or defined
in C:\Users\user\OneDrive\Desktop\CGI Automation Testing\Eclipse\Automationproject\testng1.xml
at java.base/java.util.ArrayList.forEach(ArrayList.java:1511)
... Removed 28 stack frames]]>
    </failure>
  </testcase> <!-- @BeforeMethod setUp -->
  <testcase classname="Base.BaseTest" name="@AfterMethod tearDown" time="0.0">
    <skipped/>
  </testcase> <!-- @AfterMethod tearDown -->
  <testcase classname="Base.BaseTest" name="@BeforeMethod setUp" time="0.0">
    <skipped/>
  </testcase> <!-- @BeforeMethod setUp -->
  <testcase classname="Base.BaseTest" name="@AfterMethod tearDown" time="0.0">
    <skipped/>
  </testcase> <!-- @AfterMethod tearDown -->
  <testcase classname="Base.BaseTest" name="@BeforeMethod setUp" time="0.0">
    <skipped/>
  </testcase> <!-- @BeforeMethod setUp -->
  <testcase classname="Base.BaseTest" name="@AfterMethod tearDown" time="0.0">
    <skipped/>
  </testcase> <!-- @AfterMethod tearDown -->
  <testcase classname="Base.BaseTest" name="@BeforeMethod setUp" time="0.0">
    <skipped/>
  </testcase> <!-- @BeforeMethod setUp -->
  <testcase classname="Base.BaseTest" name="@AfterMethod tearDown" time="0.0">
    <skipped/>
  </testcase> <!-- @AfterMethod tearDown -->
  <testcase classname="Base.BaseTest" name="@BeforeMethod setUp" time="0.0">
    <skipped/>
  </testcase> <!-- @BeforeMethod setUp -->
  <testcase classname="Base.BaseTest" name="@AfterMethod tearDown" time="0.0">
    <skipped/>
  </testcase> <!-- @AfterMethod tearDown -->
  <testcase classname="Base.BaseTest" name="@BeforeMethod setUp" time="0.0">
    <skipped/>
  </testcase> <!-- @BeforeMethod setUp -->
  <testcase classname="Base.BaseTest" name="@AfterMethod tearDown" time="0.0">
    <skipped/>
  </testcase> <!-- @AfterMethod tearDown -->
  <testcase classname="Base.BaseTest" name="@BeforeMethod setUp" time="0.0">
    <skipped/>
  </testcase> <!-- @BeforeMethod setUp -->
  <testcase classname="Base.BaseTest" name="@AfterMethod tearDown" time="0.0">
    <skipped/>
  </testcase> <!-- @AfterMethod tearDown -->
  <testcase classname="Base.BaseTest" name="@BeforeMethod setUp" time="0.0">
    <skipped/>
  </testcase> <!-- @BeforeMethod setUp -->
  <testcase classname="Base.BaseTest" name="@AfterMethod tearDown" time="0.0">
    <skipped/>
  </testcase> <!-- @AfterMethod tearDown -->
  <testcase classname="Base.BaseTest" name="@BeforeMethod setUp" time="0.0">
    <skipped/>
  </testcase> <!-- @BeforeMethod setUp -->
  <testcase classname="Base.BaseTest" name="@AfterMethod tearDown" time="0.0">
    <skipped/>
  </testcase> <!-- @AfterMethod tearDown -->
  <testcase classname="Base.BaseTest" name="@BeforeMethod setUp" time="0.0">
    <skipped/>
  </testcase> <!-- @BeforeMethod setUp -->
  <testcase classname="Base.BaseTest" name="@AfterMethod tearDown" time="0.0">
    <skipped/>
  </testcase> <!-- @AfterMethod tearDown -->
  <testcase classname="Base.BaseTest" name="@BeforeMethod setUp" time="0.0">
    <skipped/>
  </testcase> <!-- @BeforeMethod setUp -->
  <testcase classname="Base.BaseTest" name="@AfterMethod tearDown" time="0.0">
    <skipped/>
  </testcase> <!-- @AfterMethod tearDown -->
  <testcase classname="Base.BaseTest" name="@BeforeMethod setUp" time="0.0">
    <skipped/>
  </testcase> <!-- @BeforeMethod setUp -->
  <testcase classname="Base.BaseTest" name="@AfterMethod tearDown" time="0.0">
    <skipped/>
  </testcase> <!-- @AfterMethod tearDown -->
  <testcase classname="Base.BaseTest" name="@BeforeMethod setUp" time="0.0">
    <skipped/>
  </testcase> <!-- @BeforeMethod setUp -->
  <testcase classname="Base.BaseTest" name="@AfterMethod tearDown" time="0.0">
    <skipped/>
  </testcase> <!-- @AfterMethod tearDown -->
  <testcase classname="Base.BaseTest" name="@BeforeMethod setUp" time="0.0">
    <skipped/>
  </testcase> <!-- @BeforeMethod setUp -->
  <testcase classname="Base.BaseTest" name="@AfterMethod tearDown" time="0.0">
    <skipped/>
  </testcase> <!-- @AfterMethod tearDown -->
  <testcase classname="Base.BaseTest" name="@BeforeMethod setUp" time="0.0">
    <skipped/>
  </testcase> <!-- @BeforeMethod setUp -->
  <testcase classname="Base.BaseTest" name="@AfterMethod tearDown" time="0.0">
    <skipped/>
  </testcase> <!-- @AfterMethod tearDown -->
  <testcase classname="Tests.ALLCART_UI" name="verifyBreadcrumbNavigationOnCartPage" time="0.0">
    <skipped/>
  </testcase> <!-- verifyBreadcrumbNavigationOnCartPage -->
  <testcase classname="Tests.ALLCART_UI" name="verifyCartEmptyMessageAndRedirectLink" time="0.0">
    <skipped/>
  </testcase> <!-- verifyCartEmptyMessageAndRedirectLink -->
  <testcase classname="Tests.ALLCART_UI" name="verifyFooterCopyrightText" time="0.0">
    <skipped/>
  </testcase> <!-- verifyFooterCopyrightText -->
  <testcase classname="Tests.ALLCART_UI" name="verifyFunctionalityOfAPITestingIconOnCartPage" time="0.001">
    <skipped/>
  </testcase> <!-- verifyFunctionalityOfAPITestingIconOnCartPage -->
  <testcase classname="Tests.ALLCART_UI" name="verifyFunctionalityOfAutomationExerciseLogoOnCartPage" time="0.0">
    <skipped/>
  </testcase> <!-- verifyFunctionalityOfAutomationExerciseLogoOnCartPage -->
  <testcase classname="Tests.ALLCART_UI" name="verifyFunctionalityOfCartIconOnCartPage" time="0.0">
    <skipped/>
  </testcase> <!-- verifyFunctionalityOfCartIconOnCartPage -->
  <testcase classname="Tests.ALLCART_UI" name="verifyFunctionalityOfContactUsIconOnCartPage" time="0.0">
    <skipped/>
  </testcase> <!-- verifyFunctionalityOfContactUsIconOnCartPage -->
  <testcase classname="Tests.ALLCART_UI" name="verifyFunctionalityOfHomeIconOnCartPage" time="0.0">
    <skipped/>
  </testcase> <!-- verifyFunctionalityOfHomeIconOnCartPage -->
  <testcase classname="Tests.ALLCART_UI" name="verifyFunctionalityOfLoginIconOnCartPage" time="0.0">
    <skipped/>
  </testcase> <!-- verifyFunctionalityOfLoginIconOnCartPage -->
  <testcase classname="Tests.ALLCART_UI" name="verifyFunctionalityOfProductsIconOnCartPage" time="0.0">
    <skipped/>
  </testcase> <!-- verifyFunctionalityOfProductsIconOnCartPage -->
  <testcase classname="Tests.ALLCART_UI" name="verifyFunctionalityOfTestCasesIconOnCartPage" time="0.0">
    <skipped/>
  </testcase> <!-- verifyFunctionalityOfTestCasesIconOnCartPage -->
  <testcase classname="Tests.ALLCART_UI" name="verifyFunctionalityOfVideoTutorialsIconOnCartPage" time="0.0">
    <skipped/>
  </testcase> <!-- verifyFunctionalityOfVideoTutorialsIconOnCartPage -->
  <testcase classname="Tests.ALLCART_UI" name="verifySubscriptionInputFieldAndButtonVisibility" time="0.0">
    <skipped/>
  </testcase> <!-- verifySubscriptionInputFieldAndButtonVisibility -->
  <testcase classname="Tests.ALLCART_UI" name="verifySubscriptionNoteText" time="0.0">
    <skipped/>
  </testcase> <!-- verifySubscriptionNoteText -->
  <testcase classname="Tests.ALLCART_UI" name="verifySubscriptionPlaceholderText" time="0.0">
    <skipped/>
  </testcase> <!-- verifySubscriptionPlaceholderText -->
</testsuite> <!-- Test -->
