<?xml version="1.0" encoding="UTF-8"?>
<!-- Generated by org.testng.reporters.JUnitXMLReporter -->
<testsuite ignored="0" hostname="venkatas-MacBook-Pro.local" failures="0" tests="2" name="ChromeTests" time="0.06" errors="0" timestamp="2025-08-29T15:21:54 IST">
  <testcase classname="Base.BaseTest" name="@BeforeMethod setUp" time="0.008">
    <failure type="java.lang.RuntimeException" message="Config file not found at src/main/resources/config.properties">
      <![CDATA[java.lang.RuntimeException: Config file not found at src/main/resources/config.properties
at com.automationproj.config.ConfigFileReader.<init>(ConfigFileReader.java:16)
at Base.BaseTest.setUp(BaseTest.java:15)
at java.base/java.util.ArrayList.forEach(ArrayList.java:1596)
... Removed 29 stack frames]]>
    </failure>
  </testcase> <!-- @BeforeMethod setUp -->
  <testcase classname="Base.BaseTest" name="@BeforeMethod setUp" time="0.0">
    <failure type="java.lang.RuntimeException" message="Config file not found at src/main/resources/config.properties">
      <![CDATA[java.lang.RuntimeException: Config file not found at src/main/resources/config.properties
at com.automationproj.config.ConfigFileReader.<init>(ConfigFileReader.java:16)
at Base.BaseTest.setUp(BaseTest.java:15)
at java.base/java.util.ArrayList.forEach(ArrayList.java:1596)
... Removed 29 stack frames]]>
    </failure>
  </testcase> <!-- @BeforeMethod setUp -->
  <testcase classname="Tests.TestAutomation" name="verifyUrlLoads" time="0.0">
    <skipped/>
  </testcase> <!-- verifyUrlLoads -->
  <testcase classname="Tests.TestAutomation" name="verifyHomeButton" time="0.0">
    <skipped/>
  </testcase> <!-- verifyHomeButton -->
</testsuite> <!-- ChromeTests -->
