<?xml version="1.0" encoding="UTF-8"?>
<!-- Generated by org.testng.reporters.JUnitReportReporter -->
<testsuite hostname="LAPTOP-UQLJLBQ3" failures="0" tests="20" name="Tests.ContactUsPage_UI_1" time="99.073" errors="1" timestamp="2025-09-17T14:09:13 IST" skipped="0">
  <testcase classname="Tests.ContactUsPage_UI_1" name="verifyFunctionalityOfHomeIconOnContactUsPage" time="7.054"/>
  <testcase classname="Tests.ContactUsPage_UI_1" name="verifyScrollUpFeatureUsingMouseClick" time="3.719"/>
  <testcase classname="Tests.ContactUsPage_UI_1" name="verifyFontSizeOnContactUsPage" time="3.783"/>
  <testcase classname="Tests.ContactUsPage_UI_1" name="verifyContactUsTitleOnPage" time="3.785"/>
  <testcase classname="Tests.ContactUsPage_UI_1" name="verifyFunctionalityOfProductsIconOnContactUsPage" time="7.344"/>
  <testcase classname="Tests.ContactUsPage_UI_1" name="verifyFunctionalityOfTestCasesIconOnContactUsPage" time="7.343"/>
  <testcase classname="Tests.ContactUsPage_UI_1" name="verifyScrollUpFeatureUsingKeyboard" time="3.432"/>
  <testcase classname="Tests.ContactUsPage_UI_1" name="verifyFunctionalityOfAPITestingIconOnContactUsPage" time="7.264"/>
  <testcase classname="Tests.ContactUsPage_UI_1" name="verifyScrollDownFeatureUsingMouseClick" time="4.730"/>
  <testcase classname="Tests.ContactUsPage_UI_1" name="verifyFunctionalityOfCartIconOnContactUsPage" time="4.292"/>
  <testcase classname="Tests.ContactUsPage_UI_1" name="verifyFunctionalityOfLoginIconOnContactUsPage" time="7.042"/>
  <testcase classname="Tests.ContactUsPage_UI_1" name="verifyFontStyleOnContactUsPage" time="3.655"/>
  <testcase classname="Tests.ContactUsPage_UI_1" name="verifyNoteSectionDisplayOnContactUsPage" time="3.175">
    <error message="no such element: Unable to locate element: {&quot;method&quot;:&quot;xpath&quot;,&quot;selector&quot;:&quot;//h4[contains(text(), &#039;Note:&#039;)]&quot;}
  (Session info: chrome=140.0.7339.128)
For documentation on this error, please visit: https://www.selenium.dev/documentation/webdriver/troubleshooting/errors#no-such-element-exception
Build info: version: &#039;4.25.0&#039;, revision: &#039;8a8aea2337&#039;
System info: os.name: &#039;Windows 11&#039;, os.arch: &#039;amd64&#039;, os.version: &#039;10.0&#039;, java.version: &#039;17.0.15&#039;
Driver info: org.openqa.selenium.chrome.ChromeDriver
Command: [110a839167654bdffa5b45e4e7687820, findElement {using=xpath, value=//h4[contains(text(), &#039;Note:&#039;)]}]
Capabilities {acceptInsecureCerts: false, browserName: chrome, browserVersion: 140.0.7339.128, chrome: {chromedriverVersion: 140.0.7339.82 (bc93617e21c3..., userDataDir: C:\WINDOWS\SystemTemp\scope...}, fedcm:accounts: true, goog:chromeOptions: {debuggerAddress: localhost:14092}, networkConnectionEnabled: false, pageLoadStrategy: normal, platformName: windows, proxy: Proxy(), se:cdp: ws://localhost:14092/devtoo..., se:cdpVersion: 140.0.7339.128, setWindowRect: true, strictFileInteractability: false, timeouts: {implicit: 0, pageLoad: 300000, script: 30000}, unhandledPromptBehavior: dismiss and notify, webauthn:extension:credBlob: true, webauthn:extension:largeBlob: true, webauthn:extension:minPinLength: true, webauthn:extension:prf: true, webauthn:virtualAuthenticators: true}
Session ID: 110a839167654bdffa5b45e4e7687820" type="org.openqa.selenium.NoSuchElementException">
      <![CDATA[org.openqa.selenium.NoSuchElementException: no such element: Unable to locate element: {"method":"xpath","selector":"//h4[contains(text(), 'Note:')]"}
  (Session info: chrome=140.0.7339.128)
For documentation on this error, please visit: https://www.selenium.dev/documentation/webdriver/troubleshooting/errors#no-such-element-exception
Build info: version: '4.25.0', revision: '8a8aea2337'
System info: os.name: 'Windows 11', os.arch: 'amd64', os.version: '10.0', java.version: '17.0.15'
Driver info: org.openqa.selenium.chrome.ChromeDriver
Command: [110a839167654bdffa5b45e4e7687820, findElement {using=xpath, value=//h4[contains(text(), 'Note:')]}]
Capabilities {acceptInsecureCerts: false, browserName: chrome, browserVersion: 140.0.7339.128, chrome: {chromedriverVersion: 140.0.7339.82 (bc93617e21c3..., userDataDir: C:\WINDOWS\SystemTemp\scope...}, fedcm:accounts: true, goog:chromeOptions: {debuggerAddress: localhost:14092}, networkConnectionEnabled: false, pageLoadStrategy: normal, platformName: windows, proxy: Proxy(), se:cdp: ws://localhost:14092/devtoo..., se:cdpVersion: 140.0.7339.128, setWindowRect: true, strictFileInteractability: false, timeouts: {implicit: 0, pageLoad: 300000, script: 30000}, unhandledPromptBehavior: dismiss and notify, webauthn:extension:credBlob: true, webauthn:extension:largeBlob: true, webauthn:extension:minPinLength: true, webauthn:extension:prf: true, webauthn:virtualAuthenticators: true}
Session ID: 110a839167654bdffa5b45e4e7687820
at jdk.internal.reflect.GeneratedConstructorAccessor35.newInstance(Unknown Source)
at java.base/jdk.internal.reflect.DelegatingConstructorAccessorImpl.newInstance(DelegatingConstructorAccessorImpl.java:45)
at java.base/java.lang.reflect.Constructor.newInstanceWithCaller(Constructor.java:500)
at java.base/java.lang.reflect.Constructor.newInstance(Constructor.java:481)
at org.openqa.selenium.remote.ErrorCodec.decode(ErrorCodec.java:167)
at org.openqa.selenium.remote.codec.w3c.W3CHttpResponseCodec.decode(W3CHttpResponseCodec.java:138)
at org.openqa.selenium.remote.codec.w3c.W3CHttpResponseCodec.decode(W3CHttpResponseCodec.java:50)
at org.openqa.selenium.remote.HttpCommandExecutor.execute(HttpCommandExecutor.java:190)
at org.openqa.selenium.remote.service.DriverCommandExecutor.invokeExecute(DriverCommandExecutor.java:216)
at org.openqa.selenium.remote.service.DriverCommandExecutor.execute(DriverCommandExecutor.java:174)
at org.openqa.selenium.remote.RemoteWebDriver.execute(RemoteWebDriver.java:545)
at org.openqa.selenium.remote.ElementLocation$ElementFinder$2.findElement(ElementLocation.java:165)
at org.openqa.selenium.remote.ElementLocation.findElement(ElementLocation.java:59)
at org.openqa.selenium.remote.RemoteWebDriver.findElement(RemoteWebDriver.java:368)
at org.openqa.selenium.remote.RemoteWebDriver.findElement(RemoteWebDriver.java:362)
at Tests.ContactUsPage_UI_1.verifyNoteSectionDisplayOnContactUsPage(ContactUsPage_UI_1.java:420)
at java.base/jdk.internal.reflect.NativeMethodAccessorImpl.invoke0(Native Method)
at java.base/jdk.internal.reflect.NativeMethodAccessorImpl.invoke(NativeMethodAccessorImpl.java:77)
at java.base/jdk.internal.reflect.DelegatingMethodAccessorImpl.invoke(DelegatingMethodAccessorImpl.java:43)
at java.base/java.lang.reflect.Method.invoke(Method.java:569)
at org.testng.internal.invokers.MethodInvocationHelper.invokeMethod(MethodInvocationHelper.java:141)
at org.testng.internal.invokers.TestInvoker.invokeMethod(TestInvoker.java:687)
at org.testng.internal.invokers.TestInvoker.invokeTestMethod(TestInvoker.java:230)
at org.testng.internal.invokers.MethodRunner.runInSequence(MethodRunner.java:63)
at org.testng.internal.invokers.TestInvoker$MethodInvocationAgent.invoke(TestInvoker.java:995)
at org.testng.internal.invokers.TestInvoker.invokeTestMethods(TestInvoker.java:203)
at org.testng.internal.invokers.TestMethodWorker.invokeTestMethods(TestMethodWorker.java:154)
at org.testng.internal.invokers.TestMethodWorker.run(TestMethodWorker.java:134)
at java.base/java.util.ArrayList.forEach(ArrayList.java:1511)
at org.testng.TestRunner.privateRun(TestRunner.java:741)
at org.testng.TestRunner.run(TestRunner.java:616)
at org.testng.SuiteRunner.runTest(SuiteRunner.java:421)
at org.testng.SuiteRunner.runSequentially(SuiteRunner.java:413)
at org.testng.SuiteRunner.privateRun(SuiteRunner.java:373)
at org.testng.SuiteRunner.run(SuiteRunner.java:312)
at org.testng.SuiteRunnerWorker.runSuite(SuiteRunnerWorker.java:52)
at org.testng.SuiteRunnerWorker.run(SuiteRunnerWorker.java:95)
at org.testng.TestNG.runSuitesSequentially(TestNG.java:1274)
at org.testng.TestNG.runSuitesLocally(TestNG.java:1208)
at org.testng.TestNG.runSuites(TestNG.java:1112)
at org.testng.TestNG.run(TestNG.java:1079)
at org.testng.remote.AbstractRemoteTestNG.run(AbstractRemoteTestNG.java:115)
at org.testng.remote.RemoteTestNG.initAndRun(RemoteTestNG.java:293)
at org.testng.remote.RemoteTestNG.main(RemoteTestNG.java:91)
]]>
    </error>
  </testcase> <!-- verifyNoteSectionDisplayOnContactUsPage -->
  <testcase classname="Tests.ContactUsPage_UI_1" name="verifyScrollDownFeatureUsingKeyboard" time="3.581"/>
  <testcase classname="Tests.ContactUsPage_UI_1" name="verifyScrollUpFeatureUsingMouseScroll" time="3.821"/>
  <testcase classname="Tests.ContactUsPage_UI_1" name="verifyFunctionalityOfContactUsIconOnContactUsPage" time="4.580"/>
  <testcase classname="Tests.ContactUsPage_UI_1" name="verifyDeclarationAtEndOfContactUsPage" time="3.687"/>
  <testcase classname="Tests.ContactUsPage_UI_1" name="verifyScrollDownFeatureUsingMouseScroll" time="3.700"/>
  <testcase classname="Tests.ContactUsPage_UI_1" name="verifyFunctionalityOfAutomationExerciseLogoOnContactUsPage" time="5.710"/>
  <testcase classname="Tests.ContactUsPage_UI_1" name="verifyFunctionalityOfVideoTutorialsIconOnContactUsPage" time="7.376"/>
</testsuite> <!-- Tests.ContactUsPage_UI_1 -->
