<?xml version="1.0" encoding="UTF-8"?>
<!-- Generated by org.testng.reporters.JUnitReportReporter -->
<testsuite hostname="LAPTOP-UQLJLBQ3" failures="0" tests="10" name="Tests.Product_Func_4" time="212.076" errors="2" timestamp="2025-09-17T14:09:13 IST" skipped="0">
  <testcase classname="Tests.Product_Func_4" name="TC_ECOM_Product_045_ValidSubPayment" time="23.655">
    <error message="element click intercepted: Element &lt;input type=&quot;email&quot; id=&quot;susbscribe_email&quot; required=&quot;&quot; placeholder=&quot;Your email address&quot;&gt; is not clickable at point (393, 548). Other element would receive the click: &lt;footer id=&quot;footer&quot;&gt;...&lt;/footer&gt;
  (Session info: chrome=140.0.7339.128)
Build info: version: &#039;4.25.0&#039;, revision: &#039;8a8aea2337&#039;
System info: os.name: &#039;Windows 11&#039;, os.arch: &#039;amd64&#039;, os.version: &#039;10.0&#039;, java.version: &#039;17.0.15&#039;
Driver info: org.openqa.selenium.chrome.ChromeDriver
Command: [e6505a7d92d54066eceb0aceb63c039d, clickElement {id=f.182E627B869B1E91AE25B6C3917946B5.d.9FFF92E9D0D25E70853E6FB8B79619EF.e.180}]
Capabilities {acceptInsecureCerts: false, browserName: chrome, browserVersion: 140.0.7339.128, chrome: {chromedriverVersion: 140.0.7339.82 (bc93617e21c3..., userDataDir: C:\WINDOWS\SystemTemp\scope...}, fedcm:accounts: true, goog:chromeOptions: {debuggerAddress: localhost:31024}, networkConnectionEnabled: false, pageLoadStrategy: normal, platformName: windows, proxy: Proxy(), se:cdp: ws://localhost:31024/devtoo..., se:cdpVersion: 140.0.7339.128, setWindowRect: true, strictFileInteractability: false, timeouts: {implicit: 0, pageLoad: 300000, script: 30000}, unhandledPromptBehavior: dismiss and notify, webauthn:extension:credBlob: true, webauthn:extension:largeBlob: true, webauthn:extension:minPinLength: true, webauthn:extension:prf: true, webauthn:virtualAuthenticators: true}
Element: [[ChromeDriver: chrome on windows (e6505a7d92d54066eceb0aceb63c039d)] -&gt; xpath: //*[@id=&quot;susbscribe_email&quot;]]
Session ID: e6505a7d92d54066eceb0aceb63c039d" type="org.openqa.selenium.ElementClickInterceptedException">
      <![CDATA[org.openqa.selenium.ElementClickInterceptedException: element click intercepted: Element <input type="email" id="susbscribe_email" required="" placeholder="Your email address"> is not clickable at point (393, 548). Other element would receive the click: <footer id="footer">...</footer>
  (Session info: chrome=140.0.7339.128)
Build info: version: '4.25.0', revision: '8a8aea2337'
System info: os.name: 'Windows 11', os.arch: 'amd64', os.version: '10.0', java.version: '17.0.15'
Driver info: org.openqa.selenium.chrome.ChromeDriver
Command: [e6505a7d92d54066eceb0aceb63c039d, clickElement {id=f.182E627B869B1E91AE25B6C3917946B5.d.9FFF92E9D0D25E70853E6FB8B79619EF.e.180}]
Capabilities {acceptInsecureCerts: false, browserName: chrome, browserVersion: 140.0.7339.128, chrome: {chromedriverVersion: 140.0.7339.82 (bc93617e21c3..., userDataDir: C:\WINDOWS\SystemTemp\scope...}, fedcm:accounts: true, goog:chromeOptions: {debuggerAddress: localhost:31024}, networkConnectionEnabled: false, pageLoadStrategy: normal, platformName: windows, proxy: Proxy(), se:cdp: ws://localhost:31024/devtoo..., se:cdpVersion: 140.0.7339.128, setWindowRect: true, strictFileInteractability: false, timeouts: {implicit: 0, pageLoad: 300000, script: 30000}, unhandledPromptBehavior: dismiss and notify, webauthn:extension:credBlob: true, webauthn:extension:largeBlob: true, webauthn:extension:minPinLength: true, webauthn:extension:prf: true, webauthn:virtualAuthenticators: true}
Element: [[ChromeDriver: chrome on windows (e6505a7d92d54066eceb0aceb63c039d)] -> xpath: //*[@id="susbscribe_email"]]
Session ID: e6505a7d92d54066eceb0aceb63c039d
at java.base/jdk.internal.reflect.NativeConstructorAccessorImpl.newInstance0(Native Method)
at java.base/jdk.internal.reflect.NativeConstructorAccessorImpl.newInstance(NativeConstructorAccessorImpl.java:77)
at java.base/jdk.internal.reflect.DelegatingConstructorAccessorImpl.newInstance(DelegatingConstructorAccessorImpl.java:45)
at java.base/java.lang.reflect.Constructor.newInstanceWithCaller(Constructor.java:500)
at java.base/java.lang.reflect.Constructor.newInstance(Constructor.java:481)
at org.openqa.selenium.remote.ErrorCodec.decode(ErrorCodec.java:167)
at org.openqa.selenium.remote.codec.w3c.W3CHttpResponseCodec.decode(W3CHttpResponseCodec.java:138)
at org.openqa.selenium.remote.codec.w3c.W3CHttpResponseCodec.decode(W3CHttpResponseCodec.java:50)
at org.openqa.selenium.remote.HttpCommandExecutor.execute(HttpCommandExecutor.java:190)
at org.openqa.selenium.remote.service.DriverCommandExecutor.invokeExecute(DriverCommandExecutor.java:216)
at org.openqa.selenium.remote.service.DriverCommandExecutor.execute(DriverCommandExecutor.java:174)
at org.openqa.selenium.remote.RemoteWebDriver.execute(RemoteWebDriver.java:545)
at org.openqa.selenium.remote.RemoteWebElement.execute(RemoteWebElement.java:223)
at org.openqa.selenium.remote.RemoteWebElement.click(RemoteWebElement.java:76)
at com.automationproj.pages.Functional_ProductPage.subscribe(Functional_ProductPage.java:239)
at Tests.Product_Func_4.TC_ECOM_Product_045_ValidSubPayment(Product_Func_4.java:255)
at java.base/jdk.internal.reflect.NativeMethodAccessorImpl.invoke0(Native Method)
at java.base/jdk.internal.reflect.NativeMethodAccessorImpl.invoke(NativeMethodAccessorImpl.java:77)
at java.base/jdk.internal.reflect.DelegatingMethodAccessorImpl.invoke(DelegatingMethodAccessorImpl.java:43)
at java.base/java.lang.reflect.Method.invoke(Method.java:569)
at org.testng.internal.invokers.MethodInvocationHelper.invokeMethod(MethodInvocationHelper.java:141)
at org.testng.internal.invokers.TestInvoker.invokeMethod(TestInvoker.java:687)
at org.testng.internal.invokers.TestInvoker.invokeTestMethod(TestInvoker.java:230)
at org.testng.internal.invokers.MethodRunner.runInSequence(MethodRunner.java:63)
at org.testng.internal.invokers.TestInvoker$MethodInvocationAgent.invoke(TestInvoker.java:995)
at org.testng.internal.invokers.TestInvoker.invokeTestMethods(TestInvoker.java:203)
at org.testng.internal.invokers.TestMethodWorker.invokeTestMethods(TestMethodWorker.java:154)
at org.testng.internal.invokers.TestMethodWorker.run(TestMethodWorker.java:134)
at java.base/java.util.ArrayList.forEach(ArrayList.java:1511)
at org.testng.TestRunner.privateRun(TestRunner.java:741)
at org.testng.TestRunner.run(TestRunner.java:616)
at org.testng.SuiteRunner.runTest(SuiteRunner.java:421)
at org.testng.SuiteRunner.runSequentially(SuiteRunner.java:413)
at org.testng.SuiteRunner.privateRun(SuiteRunner.java:373)
at org.testng.SuiteRunner.run(SuiteRunner.java:312)
at org.testng.SuiteRunnerWorker.runSuite(SuiteRunnerWorker.java:52)
at org.testng.SuiteRunnerWorker.run(SuiteRunnerWorker.java:95)
at org.testng.TestNG.runSuitesSequentially(TestNG.java:1274)
at org.testng.TestNG.runSuitesLocally(TestNG.java:1208)
at org.testng.TestNG.runSuites(TestNG.java:1112)
at org.testng.TestNG.run(TestNG.java:1079)
at org.testng.remote.AbstractRemoteTestNG.run(AbstractRemoteTestNG.java:115)
at org.testng.remote.RemoteTestNG.initAndRun(RemoteTestNG.java:293)
at org.testng.remote.RemoteTestNG.main(RemoteTestNG.java:91)
]]>
    </error>
  </testcase> <!-- TC_ECOM_Product_045_ValidSubPayment -->
  <testcase classname="Tests.Product_Func_4" name="TC_ECOM_Product_039_InvalidMonth" time="19.511"/>
  <testcase classname="Tests.Product_Func_4" name="TC_ECOM_Product_043_DownloadInvoice" time="23.926"/>
  <testcase classname="Tests.Product_Func_4" name="TC_ECOM_Product_041_InvalidYear" time="23.650"/>
  <testcase classname="Tests.Product_Func_4" name="TC_ECOM_Product_040_ValidYear" time="25.714"/>
  <testcase classname="Tests.Product_Func_4" name="TC_ECOM_Product_038_ValidMonth" time="17.821"/>
  <testcase classname="Tests.Product_Func_4" name="TC_ECOM_Product_037_InvalidCVC" time="17.280"/>
  <testcase classname="Tests.Product_Func_4" name="TC_ECOM_Product_042_PlaceOrderButton" time="18.483"/>
  <testcase classname="Tests.Product_Func_4" name="TC_ECOM_Product_036_ValidCVC" time="19.382"/>
  <testcase classname="Tests.Product_Func_4" name="TC_ECOM_Product_046_InvalidSubPayment" time="22.654">
    <error message="element click intercepted: Element &lt;input type=&quot;email&quot; id=&quot;susbscribe_email&quot; required=&quot;&quot; placeholder=&quot;Your email address&quot;&gt; is not clickable at point (393, 469). Other element would receive the click: &lt;iframe id=&quot;aswift_1&quot; name=&quot;aswift_1&quot; browsingtopics=&quot;true&quot; style=&quot;left:0;position:absolute;top:0;border:0;width:1200px;height:280px;min-height:auto;max-height:none;min-width:auto;max-width:none;&quot; sandbox=&quot;allow-forms allow-popups allow-popups-to-escape-sandbox allow-same-origin allow-scripts allow-top-navigation-by-user-activation&quot; width=&quot;1200&quot; height=&quot;280&quot; frameborder=&quot;0&quot; marginwidth=&quot;0&quot; marginheight=&quot;0&quot; vspace=&quot;0&quot; hspace=&quot;0&quot; allowtransparency=&quot;true&quot; scrolling=&quot;no&quot; allow=&quot;attribution-reporting; run-ad-auction&quot; src=&quot;https://googleads.g.doubleclick.net/pagead/ads?gdpr=0&amp;amp;client=ca-pub-1677597403311019&amp;amp;output=html&amp;amp;h=280&amp;amp;adk=3809598800&amp;amp;adf=854766408&amp;amp;pi=t.aa~a.1182920990~rp.3&amp;amp;w=1200&amp;amp;fwrn=4&amp;amp;fwrnh=100&amp;amp;lmt=1758097791&amp;amp;rafmt=1&amp;amp;to=qs&amp;amp;pwprc=4334590153&amp;amp;format=1200x280&amp;amp;url=https%3A%2F%2Fautomationexercise.com%2Fpayment_done%2F500&amp;amp;fwr=0&amp;amp;pra=3&amp;amp;rpe=1&amp;amp;resp_fmts=3&amp;amp;wgl=1&amp;amp;fa=40&amp;amp;uach=WyJXaW5kb3dzIiwiMTkuMC4wIiwieDg2IiwiIiwiMTQwLjAuNzMzOS4xMjgiLG51bGwsMCxudWxsLCI2NCIsW1siQ2hyb21pdW0iLCIxNDAuMC43MzM5LjEyOCJdLFsiTm90PUE_QnJhbmQiLCIyNC4wLjAuMCJdLFsiR29vZ2xlIENocm9tZSIsIjE0MC4wLjczMzkuMTI4Il1dLDBd&amp;amp;abgtt=6&amp;amp;dt=1758097791065&amp;amp;bpp=1&amp;amp;bdt=617&amp;amp;idt=1&amp;amp;shv=r20250915&amp;amp;mjsv=m202509110101&amp;amp;ptt=9&amp;amp;saldr=aa&amp;amp;abxe=1&amp;amp;cookie=ID%3D5adbe0fd01d59eff%3AT%3D1758097771%3ART%3D1758097771%3AS%3DALNI_MbNhFHiYFpTTa6s1gfaBu77QksnhQ&amp;amp;gpic=UID%3D00001197cc981260%3AT%3D1758097771%3ART%3D1758097771%3AS%3DALNI_MZPk-oXLNAlQX1bNVhkmSeu2reCcg&amp;amp;eo_id_str=ID%3Df0a7c85e83315b9e%3AT%3D1758097771%3ART%3D1758097771%3AS%3DAA-Afja6Q8FeEPwfBlBpU9M526nQ&amp;amp;prev_fmts=0x0&amp;amp;nras=2&amp;amp;correlator=2100832252321&amp;amp;frm=20&amp;amp;pv=1&amp;amp;u_tz=330&amp;amp;u_his=9&amp;amp;u_h=864&amp;amp;u_w=1536&amp;amp;u_ah=816&amp;amp;u_aw=1536&amp;amp;u_cd=24&amp;amp;u_sd=1.25&amp;amp;dmc=8&amp;amp;adx=160&amp;amp;ady=858&amp;amp;biw=1521&amp;amp;bih=678&amp;amp;scr_x=0&amp;amp;scr_y=415&amp;amp;eid=42531706%2C95370518%2C95370627%2C95370775%2C95371230&amp;amp;oid=2&amp;amp;pvsid=1909994720824559&amp;amp;tmod=2035556605&amp;amp;uas=3&amp;amp;nvt=1&amp;amp;ref=https%3A%2F%2Fautomationexercise.com%2Fpayment&amp;amp;fc=1920&amp;amp;brdim=0%2C0%2C0%2C0%2C1536%2C0%2C1536%2C816%2C1536%2C678&amp;amp;vis=1&amp;amp;rsz=%7C%7Cs%7C&amp;amp;abl=NS&amp;amp;fu=128&amp;amp;bc=31&amp;amp;bz=1&amp;amp;td=1&amp;amp;tdf=2&amp;amp;psd=W251bGwsbnVsbCxudWxsLDNd&amp;amp;nt=1&amp;amp;ifi=2&amp;amp;uci=a!2&amp;amp;fsb=1&amp;amp;dtd=167&quot; data-google-container-id=&quot;a!2&quot; tabindex=&quot;0&quot; title=&quot;Advertisement&quot; aria-label=&quot;Advertisement&quot; data-google-query-id=&quot;COD59NGw348DFZqkbAkdVZ86wg&quot; data-load-complete=&quot;true&quot;&gt;&lt;/iframe&gt;
  (Session info: chrome=140.0.7339.128)
Build info: version: &#039;4.25.0&#039;, revision: &#039;8a8aea2337&#039;
System info: os.name: &#039;Windows 11&#039;, os.arch: &#039;amd64&#039;, os.version: &#039;10.0&#039;, java.version: &#039;17.0.15&#039;
Driver info: org.openqa.selenium.chrome.ChromeDriver
Command: [fba1c33b7b3385c0ffb9bc0b25e7379b, clickElement {id=f.ABD0845386202122826814D21D0E585C.d.4489D698FACB7787B64064AD927D0C75.e.196}]
Capabilities {acceptInsecureCerts: false, browserName: chrome, browserVersion: 140.0.7339.128, chrome: {chromedriverVersion: 140.0.7339.82 (bc93617e21c3..., userDataDir: C:\WINDOWS\SystemTemp\scope...}, fedcm:accounts: true, goog:chromeOptions: {debuggerAddress: localhost:31163}, networkConnectionEnabled: false, pageLoadStrategy: normal, platformName: windows, proxy: Proxy(), se:cdp: ws://localhost:31163/devtoo..., se:cdpVersion: 140.0.7339.128, setWindowRect: true, strictFileInteractability: false, timeouts: {implicit: 0, pageLoad: 300000, script: 30000}, unhandledPromptBehavior: dismiss and notify, webauthn:extension:credBlob: true, webauthn:extension:largeBlob: true, webauthn:extension:minPinLength: true, webauthn:extension:prf: true, webauthn:virtualAuthenticators: true}
Element: [[ChromeDriver: chrome on windows (fba1c33b7b3385c0ffb9bc0b25e7379b)] -&gt; xpath: //*[@id=&quot;susbscribe_email&quot;]]
Session ID: fba1c33b7b3385c0ffb9bc0b25e7379b" type="org.openqa.selenium.ElementClickInterceptedException">
      <![CDATA[org.openqa.selenium.ElementClickInterceptedException: element click intercepted: Element <input type="email" id="susbscribe_email" required="" placeholder="Your email address"> is not clickable at point (393, 469). Other element would receive the click: <iframe id="aswift_1" name="aswift_1" browsingtopics="true" style="left:0;position:absolute;top:0;border:0;width:1200px;height:280px;min-height:auto;max-height:none;min-width:auto;max-width:none;" sandbox="allow-forms allow-popups allow-popups-to-escape-sandbox allow-same-origin allow-scripts allow-top-navigation-by-user-activation" width="1200" height="280" frameborder="0" marginwidth="0" marginheight="0" vspace="0" hspace="0" allowtransparency="true" scrolling="no" allow="attribution-reporting; run-ad-auction" src="https://googleads.g.doubleclick.net/pagead/ads?gdpr=0&amp;client=ca-pub-1677597403311019&amp;output=html&amp;h=280&amp;adk=3809598800&amp;adf=854766408&amp;pi=t.aa~a.1182920990~rp.3&amp;w=1200&amp;fwrn=4&amp;fwrnh=100&amp;lmt=1758097791&amp;rafmt=1&amp;to=qs&amp;pwprc=4334590153&amp;format=1200x280&amp;url=https%3A%2F%2Fautomationexercise.com%2Fpayment_done%2F500&amp;fwr=0&amp;pra=3&amp;rpe=1&amp;resp_fmts=3&amp;wgl=1&amp;fa=40&amp;uach=WyJXaW5kb3dzIiwiMTkuMC4wIiwieDg2IiwiIiwiMTQwLjAuNzMzOS4xMjgiLG51bGwsMCxudWxsLCI2NCIsW1siQ2hyb21pdW0iLCIxNDAuMC43MzM5LjEyOCJdLFsiTm90PUE_QnJhbmQiLCIyNC4wLjAuMCJdLFsiR29vZ2xlIENocm9tZSIsIjE0MC4wLjczMzkuMTI4Il1dLDBd&amp;abgtt=6&amp;dt=1758097791065&amp;bpp=1&amp;bdt=617&amp;idt=1&amp;shv=r20250915&amp;mjsv=m202509110101&amp;ptt=9&amp;saldr=aa&amp;abxe=1&amp;cookie=ID%3D5adbe0fd01d59eff%3AT%3D1758097771%3ART%3D1758097771%3AS%3DALNI_MbNhFHiYFpTTa6s1gfaBu77QksnhQ&amp;gpic=UID%3D00001197cc981260%3AT%3D1758097771%3ART%3D1758097771%3AS%3DALNI_MZPk-oXLNAlQX1bNVhkmSeu2reCcg&amp;eo_id_str=ID%3Df0a7c85e83315b9e%3AT%3D1758097771%3ART%3D1758097771%3AS%3DAA-Afja6Q8FeEPwfBlBpU9M526nQ&amp;prev_fmts=0x0&amp;nras=2&amp;correlator=2100832252321&amp;frm=20&amp;pv=1&amp;u_tz=330&amp;u_his=9&amp;u_h=864&amp;u_w=1536&amp;u_ah=816&amp;u_aw=1536&amp;u_cd=24&amp;u_sd=1.25&amp;dmc=8&amp;adx=160&amp;ady=858&amp;biw=1521&amp;bih=678&amp;scr_x=0&amp;scr_y=415&amp;eid=42531706%2C95370518%2C95370627%2C95370775%2C95371230&amp;oid=2&amp;pvsid=1909994720824559&amp;tmod=2035556605&amp;uas=3&amp;nvt=1&amp;ref=https%3A%2F%2Fautomationexercise.com%2Fpayment&amp;fc=1920&amp;brdim=0%2C0%2C0%2C0%2C1536%2C0%2C1536%2C816%2C1536%2C678&amp;vis=1&amp;rsz=%7C%7Cs%7C&amp;abl=NS&amp;fu=128&amp;bc=31&amp;bz=1&amp;td=1&amp;tdf=2&amp;psd=W251bGwsbnVsbCxudWxsLDNd&amp;nt=1&amp;ifi=2&amp;uci=a!2&amp;fsb=1&amp;dtd=167" data-google-container-id="a!2" tabindex="0" title="Advertisement" aria-label="Advertisement" data-google-query-id="COD59NGw348DFZqkbAkdVZ86wg" data-load-complete="true"></iframe>
  (Session info: chrome=140.0.7339.128)
Build info: version: '4.25.0', revision: '8a8aea2337'
System info: os.name: 'Windows 11', os.arch: 'amd64', os.version: '10.0', java.version: '17.0.15'
Driver info: org.openqa.selenium.chrome.ChromeDriver
Command: [fba1c33b7b3385c0ffb9bc0b25e7379b, clickElement {id=f.ABD0845386202122826814D21D0E585C.d.4489D698FACB7787B64064AD927D0C75.e.196}]
Capabilities {acceptInsecureCerts: false, browserName: chrome, browserVersion: 140.0.7339.128, chrome: {chromedriverVersion: 140.0.7339.82 (bc93617e21c3..., userDataDir: C:\WINDOWS\SystemTemp\scope...}, fedcm:accounts: true, goog:chromeOptions: {debuggerAddress: localhost:31163}, networkConnectionEnabled: false, pageLoadStrategy: normal, platformName: windows, proxy: Proxy(), se:cdp: ws://localhost:31163/devtoo..., se:cdpVersion: 140.0.7339.128, setWindowRect: true, strictFileInteractability: false, timeouts: {implicit: 0, pageLoad: 300000, script: 30000}, unhandledPromptBehavior: dismiss and notify, webauthn:extension:credBlob: true, webauthn:extension:largeBlob: true, webauthn:extension:minPinLength: true, webauthn:extension:prf: true, webauthn:virtualAuthenticators: true}
Element: [[ChromeDriver: chrome on windows (fba1c33b7b3385c0ffb9bc0b25e7379b)] -> xpath: //*[@id="susbscribe_email"]]
Session ID: fba1c33b7b3385c0ffb9bc0b25e7379b
at java.base/jdk.internal.reflect.NativeConstructorAccessorImpl.newInstance0(Native Method)
at java.base/jdk.internal.reflect.NativeConstructorAccessorImpl.newInstance(NativeConstructorAccessorImpl.java:77)
at java.base/jdk.internal.reflect.DelegatingConstructorAccessorImpl.newInstance(DelegatingConstructorAccessorImpl.java:45)
at java.base/java.lang.reflect.Constructor.newInstanceWithCaller(Constructor.java:500)
at java.base/java.lang.reflect.Constructor.newInstance(Constructor.java:481)
at org.openqa.selenium.remote.ErrorCodec.decode(ErrorCodec.java:167)
at org.openqa.selenium.remote.codec.w3c.W3CHttpResponseCodec.decode(W3CHttpResponseCodec.java:138)
at org.openqa.selenium.remote.codec.w3c.W3CHttpResponseCodec.decode(W3CHttpResponseCodec.java:50)
at org.openqa.selenium.remote.HttpCommandExecutor.execute(HttpCommandExecutor.java:190)
at org.openqa.selenium.remote.service.DriverCommandExecutor.invokeExecute(DriverCommandExecutor.java:216)
at org.openqa.selenium.remote.service.DriverCommandExecutor.execute(DriverCommandExecutor.java:174)
at org.openqa.selenium.remote.RemoteWebDriver.execute(RemoteWebDriver.java:545)
at org.openqa.selenium.remote.RemoteWebElement.execute(RemoteWebElement.java:223)
at org.openqa.selenium.remote.RemoteWebElement.click(RemoteWebElement.java:76)
at com.automationproj.pages.Functional_ProductPage.subscribe(Functional_ProductPage.java:239)
at Tests.Product_Func_4.TC_ECOM_Product_046_InvalidSubPayment(Product_Func_4.java:282)
at java.base/jdk.internal.reflect.NativeMethodAccessorImpl.invoke0(Native Method)
at java.base/jdk.internal.reflect.NativeMethodAccessorImpl.invoke(NativeMethodAccessorImpl.java:77)
at java.base/jdk.internal.reflect.DelegatingMethodAccessorImpl.invoke(DelegatingMethodAccessorImpl.java:43)
at java.base/java.lang.reflect.Method.invoke(Method.java:569)
at org.testng.internal.invokers.MethodInvocationHelper.invokeMethod(MethodInvocationHelper.java:141)
at org.testng.internal.invokers.TestInvoker.invokeMethod(TestInvoker.java:687)
at org.testng.internal.invokers.TestInvoker.invokeTestMethod(TestInvoker.java:230)
at org.testng.internal.invokers.MethodRunner.runInSequence(MethodRunner.java:63)
at org.testng.internal.invokers.TestInvoker$MethodInvocationAgent.invoke(TestInvoker.java:995)
at org.testng.internal.invokers.TestInvoker.invokeTestMethods(TestInvoker.java:203)
at org.testng.internal.invokers.TestMethodWorker.invokeTestMethods(TestMethodWorker.java:154)
at org.testng.internal.invokers.TestMethodWorker.run(TestMethodWorker.java:134)
at java.base/java.util.ArrayList.forEach(ArrayList.java:1511)
at org.testng.TestRunner.privateRun(TestRunner.java:741)
at org.testng.TestRunner.run(TestRunner.java:616)
at org.testng.SuiteRunner.runTest(SuiteRunner.java:421)
at org.testng.SuiteRunner.runSequentially(SuiteRunner.java:413)
at org.testng.SuiteRunner.privateRun(SuiteRunner.java:373)
at org.testng.SuiteRunner.run(SuiteRunner.java:312)
at org.testng.SuiteRunnerWorker.runSuite(SuiteRunnerWorker.java:52)
at org.testng.SuiteRunnerWorker.run(SuiteRunnerWorker.java:95)
at org.testng.TestNG.runSuitesSequentially(TestNG.java:1274)
at org.testng.TestNG.runSuitesLocally(TestNG.java:1208)
at org.testng.TestNG.runSuites(TestNG.java:1112)
at org.testng.TestNG.run(TestNG.java:1079)
at org.testng.remote.AbstractRemoteTestNG.run(AbstractRemoteTestNG.java:115)
at org.testng.remote.RemoteTestNG.initAndRun(RemoteTestNG.java:293)
at org.testng.remote.RemoteTestNG.main(RemoteTestNG.java:91)
]]>
    </error>
  </testcase> <!-- TC_ECOM_Product_046_InvalidSubPayment -->
</testsuite> <!-- Tests.Product_Func_4 -->
