<?xml version="1.0" encoding="UTF-8"?>
<!-- Generated by org.testng.reporters.JUnitReportReporter -->
<testsuite hostname="venkatas-MacBook-Pro.local" failures="0" tests="30" name="Tests.TCpageTest" time="180.445" errors="2" timestamp="2025-09-08T14:25:43 IST" skipped="0">
  <testcase classname="Tests.TCpageTest" name="verifyTestCase25OpensAsDropdown" time="5.454"/>
  <testcase classname="Tests.TCpageTest" name="verifyTestCase5OpensAsDropdown" time="4.598"/>
  <testcase classname="Tests.TCpageTest" name="verifyTestCase14OpensAsDropdown" time="6.556"/>
  <testcase classname="Tests.TCpageTest" name="verifyTestCase4OpensAsDropdown" time="5.476"/>
  <testcase classname="Tests.TCpageTest" name="verifyTestCase20OpensAsDropdown" time="6.398"/>
  <testcase classname="Tests.TCpageTest" name="verifyTestCase22OpensAsDropdown" time="4.444"/>
  <testcase classname="Tests.TCpageTest" name="verifyTestCase8OpensAsDropdown" time="4.995"/>
  <testcase classname="Tests.TCpageTest" name="verifyTestCase17OpensAsDropdown" time="4.506"/>
  <testcase classname="Tests.TCpageTest" name="verifyTestCase2OpensAsDropdown" time="5.749"/>
  <testcase classname="Tests.TCpageTest" name="verifyTestCase16OpensAsDropdown" time="5.096"/>
  <testcase classname="Tests.TCpageTest" name="verifyTestCase13OpensAsDropdown" time="6.544"/>
  <testcase classname="Tests.TCpageTest" name="verifyTestCase10OpensAsDropdown" time="5.628"/>
  <testcase classname="Tests.TCpageTest" name="verifyTestCase12OpensAsDropdown" time="5.210"/>
  <testcase classname="Tests.TCpageTest" name="verifyTestCase19OpensAsDropdown" time="4.916"/>
  <testcase classname="Tests.TCpageTest" name="verifyTestCase11OpensAsDropdown" time="4.311"/>
  <testcase classname="Tests.TCpageTest" name="verifyTestCase23OpensAsDropdown" time="5.698"/>
  <testcase classname="Tests.TCpageTest" name="verifyTestCase26OpensAsDropdown" time="5.313"/>
  <testcase classname="Tests.TCpageTest" name="verifyTestCase24OpensAsDropdown" time="5.103"/>
  <testcase classname="Tests.TCpageTest" name="verifyTestCase18OpensAsDropdown" time="4.993"/>
  <testcase classname="Tests.TCpageTest" name="verifyTestCase7OpensAsDropdown" time="4.972"/>
  <testcase classname="Tests.TCpageTest" name="verifyTestCase21OpensAsDropdown" time="5.171"/>
  <testcase classname="Tests.TCpageTest" name="verifyTestCase1OpensAsDropdown" time="5.024"/>
  <testcase classname="Tests.TCpageTest" name="verifyTestCase9OpensAsDropdown" time="4.349"/>
  <testcase classname="Tests.TCpageTest" name="verifyTestCase6OpensAsDropdown" time="4.113"/>
  <testcase classname="Tests.TCpageTest" name="verifyTestCase15OpensAsDropdown" time="5.036"/>
  <testcase classname="Tests.TCpageTest" name="verifyTestCase3OpensAsDropdown" time="5.956"/>
  <testcase classname="Tests.TCpageTest" name="verifyTestCaseButtonOnHomePage" time="8.658"/>
  <testcase classname="Tests.TCpageTest" name="verifyTestCaseDropdown" time="2.157">
    <error message="
Cannot inject @Test annotated Method [verifyTestCaseDropdown] with [int].
For more information on native dependency injection please refer to https://testng.org/#_dependency_injection" type="org.testng.TestNGException">
      <![CDATA[org.testng.TestNGException: 
Cannot inject @Test annotated Method [verifyTestCaseDropdown] with [int].
For more information on native dependency injection please refer to https://testng.org/#_dependency_injection
at org.testng.internal.Parameters.checkParameterTypes(Parameters.java:442)
at org.testng.internal.Parameters.createParametersForMethod(Parameters.java:347)
at org.testng.internal.Parameters.createParameters(Parameters.java:699)
at org.testng.internal.Parameters.handleParameters(Parameters.java:885)
at org.testng.internal.Parameters.handleParameters(Parameters.java:734)
at org.testng.internal.invokers.ParameterHandler.handleParameters(ParameterHandler.java:72)
at org.testng.internal.invokers.ParameterHandler.createParameters(ParameterHandler.java:51)
at org.testng.internal.invokers.TestInvoker$MethodInvocationAgent.invoke(TestInvoker.java:949)
at org.testng.internal.invokers.TestInvoker.invokeTestMethods(TestInvoker.java:203)
at org.testng.internal.invokers.TestMethodWorker.invokeTestMethods(TestMethodWorker.java:154)
at org.testng.internal.invokers.TestMethodWorker.run(TestMethodWorker.java:134)
at java.base/java.util.ArrayList.forEach(ArrayList.java:1596)
at org.testng.TestRunner.privateRun(TestRunner.java:741)
at org.testng.TestRunner.run(TestRunner.java:616)
at org.testng.SuiteRunner.runTest(SuiteRunner.java:421)
at org.testng.SuiteRunner.runSequentially(SuiteRunner.java:413)
at org.testng.SuiteRunner.privateRun(SuiteRunner.java:373)
at org.testng.SuiteRunner.run(SuiteRunner.java:312)
at org.testng.SuiteRunnerWorker.runSuite(SuiteRunnerWorker.java:52)
at org.testng.SuiteRunnerWorker.run(SuiteRunnerWorker.java:95)
at org.testng.TestNG.runSuitesSequentially(TestNG.java:1274)
at org.testng.TestNG.runSuitesLocally(TestNG.java:1208)
at org.testng.TestNG.runSuites(TestNG.java:1112)
at org.testng.TestNG.run(TestNG.java:1079)
at org.testng.remote.AbstractRemoteTestNG.run(AbstractRemoteTestNG.java:115)
at org.testng.remote.RemoteTestNG.initAndRun(RemoteTestNG.java:293)
at org.testng.remote.RemoteTestNG.main(RemoteTestNG.java:91)
]]>
    </error>
  </testcase> <!-- verifyTestCaseDropdown -->
  <testcase classname="Tests.TCpageTest" name="verifyTestCasePanelUrlsAndNavigation" time="24.263">
    <error message="Expected condition failed: waiting for visibility of element located by By.xpath: //div[@id=&#039;collapse1&#039;]//div[@class=&#039;panel-body&#039;] (tried for 15 second(s) with 500 milliseconds interval)
Build info: version: &#039;4.34.0&#039;, revision: &#039;2a4c61c498&#039;
System info: os.name: &#039;Mac OS X&#039;, os.arch: &#039;x86_64&#039;, os.version: &#039;15.6.1&#039;, java.version: &#039;21.0.8&#039;
Driver info: org.openqa.selenium.chrome.ChromeDriver
Capabilities {acceptInsecureCerts: false, browserName: chrome, browserVersion: 140.0.7339.80, chrome: {chromedriverVersion: 140.0.7339.80 (670b6f192f46..., userDataDir: /var/folders/3z/q9ynh7zx03v...}, fedcm:accounts: true, goog:chromeOptions: {debuggerAddress: localhost:60525}, networkConnectionEnabled: false, pageLoadStrategy: normal, platformName: mac, proxy: Proxy(), se:cdp: ws://localhost:60525/devtoo..., se:cdpVersion: 140.0.7339.80, setWindowRect: true, strictFileInteractability: false, timeouts: {implicit: 0, pageLoad: 300000, script: 30000}, unhandledPromptBehavior: dismiss and notify, webauthn:extension:credBlob: true, webauthn:extension:largeBlob: true, webauthn:extension:minPinLength: true, webauthn:extension:prf: true, webauthn:virtualAuthenticators: true}
Session ID: 8e294c7f8abc8fc64646989697ab626a" type="org.openqa.selenium.TimeoutException">
      <![CDATA[org.openqa.selenium.TimeoutException: Expected condition failed: waiting for visibility of element located by By.xpath: //div[@id='collapse1']//div[@class='panel-body'] (tried for 15 second(s) with 500 milliseconds interval)
Build info: version: '4.34.0', revision: '2a4c61c498'
System info: os.name: 'Mac OS X', os.arch: 'x86_64', os.version: '15.6.1', java.version: '21.0.8'
Driver info: org.openqa.selenium.chrome.ChromeDriver
Capabilities {acceptInsecureCerts: false, browserName: chrome, browserVersion: 140.0.7339.80, chrome: {chromedriverVersion: 140.0.7339.80 (670b6f192f46..., userDataDir: /var/folders/3z/q9ynh7zx03v...}, fedcm:accounts: true, goog:chromeOptions: {debuggerAddress: localhost:60525}, networkConnectionEnabled: false, pageLoadStrategy: normal, platformName: mac, proxy: Proxy(), se:cdp: ws://localhost:60525/devtoo..., se:cdpVersion: 140.0.7339.80, setWindowRect: true, strictFileInteractability: false, timeouts: {implicit: 0, pageLoad: 300000, script: 30000}, unhandledPromptBehavior: dismiss and notify, webauthn:extension:credBlob: true, webauthn:extension:largeBlob: true, webauthn:extension:minPinLength: true, webauthn:extension:prf: true, webauthn:virtualAuthenticators: true}
Session ID: 8e294c7f8abc8fc64646989697ab626a
at org.openqa.selenium.support.ui.WebDriverWait.timeoutException(WebDriverWait.java:84)
at org.openqa.selenium.support.ui.FluentWait.until(FluentWait.java:228)
at Tests.TCpageTest.verifyTestCasePanelUrlsAndNavigation(TCpageTest.java:201)
at java.base/jdk.internal.reflect.DirectMethodHandleAccessor.invoke(DirectMethodHandleAccessor.java:103)
at java.base/java.lang.reflect.Method.invoke(Method.java:580)
at org.testng.internal.invokers.MethodInvocationHelper.invokeMethod(MethodInvocationHelper.java:141)
at org.testng.internal.invokers.TestInvoker.invokeMethod(TestInvoker.java:687)
at org.testng.internal.invokers.TestInvoker.invokeTestMethod(TestInvoker.java:230)
at org.testng.internal.invokers.MethodRunner.runInSequence(MethodRunner.java:63)
at org.testng.internal.invokers.TestInvoker$MethodInvocationAgent.invoke(TestInvoker.java:995)
at org.testng.internal.invokers.TestInvoker.invokeTestMethods(TestInvoker.java:203)
at org.testng.internal.invokers.TestMethodWorker.invokeTestMethods(TestMethodWorker.java:154)
at org.testng.internal.invokers.TestMethodWorker.run(TestMethodWorker.java:134)
at java.base/java.util.ArrayList.forEach(ArrayList.java:1596)
at org.testng.TestRunner.privateRun(TestRunner.java:741)
at org.testng.TestRunner.run(TestRunner.java:616)
at org.testng.SuiteRunner.runTest(SuiteRunner.java:421)
at org.testng.SuiteRunner.runSequentially(SuiteRunner.java:413)
at org.testng.SuiteRunner.privateRun(SuiteRunner.java:373)
at org.testng.SuiteRunner.run(SuiteRunner.java:312)
at org.testng.SuiteRunnerWorker.runSuite(SuiteRunnerWorker.java:52)
at org.testng.SuiteRunnerWorker.run(SuiteRunnerWorker.java:95)
at org.testng.TestNG.runSuitesSequentially(TestNG.java:1274)
at org.testng.TestNG.runSuitesLocally(TestNG.java:1208)
at org.testng.TestNG.runSuites(TestNG.java:1112)
at org.testng.TestNG.run(TestNG.java:1079)
at org.testng.remote.AbstractRemoteTestNG.run(AbstractRemoteTestNG.java:115)
at org.testng.remote.RemoteTestNG.initAndRun(RemoteTestNG.java:293)
at org.testng.remote.RemoteTestNG.main(RemoteTestNG.java:91)
]]>
    </error>
  </testcase> <!-- verifyTestCasePanelUrlsAndNavigation -->
  <testcase classname="Tests.TCpageTest" name="verifyScrollUpDownWithJavascript" time="9.758"/>
</testsuite> <!-- Tests.TCpageTest -->
